Traceback (most recent call last):
  File "/usr/local/lib/python3.9/site-packages/jupyter_cache/executors/utils.py", line 51, in single_nb_execution
    executenb(
  File "/usr/local/lib/python3.9/site-packages/nbclient/client.py", line 1087, in execute
    return NotebookClient(nb=nb, resources=resources, km=km, **kwargs).execute()
  File "/usr/local/lib/python3.9/site-packages/nbclient/util.py", line 74, in wrapped
    return just_run(coro(*args, **kwargs))
  File "/usr/local/lib/python3.9/site-packages/nbclient/util.py", line 53, in just_run
    return loop.run_until_complete(coro)
  File "/usr/local/Cellar/python@3.9/3.9.0_1/Frameworks/Python.framework/Versions/3.9/lib/python3.9/asyncio/base_events.py", line 642, in run_until_complete
    return future.result()
  File "/usr/local/lib/python3.9/site-packages/nbclient/client.py", line 540, in async_execute
    await self.async_execute_cell(
  File "/usr/local/lib/python3.9/site-packages/nbclient/client.py", line 832, in async_execute_cell
    self._check_raise_for_error(cell, exec_reply)
  File "/usr/local/lib/python3.9/site-packages/nbclient/client.py", line 740, in _check_raise_for_error
    raise CellExecutionError.from_cell_and_msg(cell, exec_reply['content'])
nbclient.exceptions.CellExecutionError: An error occurred while executing the following cell:
------------------
class A():
    def __init__(self, param):
        print("initializing A with ", param)
        self.A_parameter = param
        self.param2 = "Another parameter"
        
class B(A):
    def __init__(self, param):
        print("B is a subclass of A")
        self.B_parameter = param
        print("initializing A with ", param)

b = B(7)
print(b.param2) # produces an error since the base class hasn't been initialized
------------------

[0;31m---------------------------------------------------------------------------[0m
[0;31mAttributeError[0m                            Traceback (most recent call last)
[0;32m<ipython-input-5-ecccfc784740>[0m in [0;36m<module>[0;34m[0m
[1;32m     12[0m [0;34m[0m[0m
[1;32m     13[0m [0mb[0m [0;34m=[0m [0mB[0m[0;34m([0m[0;36m7[0m[0;34m)[0m[0;34m[0m[0;34m[0m[0m
[0;32m---> 14[0;31m [0mprint[0m[0;34m([0m[0mb[0m[0;34m.[0m[0mparam2[0m[0;34m)[0m [0;31m# produces an error since the base class hasn't been initialized[0m[0;34m[0m[0;34m[0m[0m
[0m
[0;31mAttributeError[0m: 'B' object has no attribute 'param2'
AttributeError: 'B' object has no attribute 'param2'

